[2026-07-03T21:36:36.993+0000] {manager.py:470} INFO - Processing files using up to 2 processes at a time 
[2026-07-03T21:36:36.995+0000] {manager.py:471} INFO - Process each file at most once every 30 seconds
[2026-07-03T21:36:36.997+0000] {manager.py:472} INFO - Checking for new files in /opt/airflow/dags every 300 seconds
[2026-07-03T21:36:36.999+0000] {manager.py:737} INFO - Searching for files in /opt/airflow/dags
[2026-07-03T21:36:37.005+0000] {manager.py:740} INFO - There are 0 files in /opt/airflow/dags
[2026-07-03T21:41:37.476+0000] {manager.py:737} INFO - Searching for files in /opt/airflow/dags
[2026-07-03T21:41:37.493+0000] {manager.py:740} INFO - There are 0 files in /opt/airflow/dags
[2026-07-03T21:46:37.904+0000] {manager.py:737} INFO - Searching for files in /opt/airflow/dags
[2026-07-03T21:46:37.911+0000] {manager.py:740} INFO - There are 0 files in /opt/airflow/dags
[2026-07-03T21:51:38.330+0000] {manager.py:737} INFO - Searching for files in /opt/airflow/dags
[2026-07-03T21:51:38.353+0000] {manager.py:740} INFO - There are 0 files in /opt/airflow/dags
[2026-07-03T22:39:09.292+0000] {manager.py:737} INFO - Searching for files in /opt/airflow/dags
[2026-07-03T22:39:09.560+0000] {manager.py:740} INFO - There are 0 files in /opt/airflow/dags
[2026-07-04T06:36:05.351+0000] {manager.py:737} INFO - Searching for files in /opt/airflow/dags
[2026-07-04T06:36:06.282+0000] {manager.py:740} INFO - There are 0 files in /opt/airflow/dags
[2026-07-04T06:41:15.407+0000] {manager.py:470} INFO - Processing files using up to 2 processes at a time 
[2026-07-04T06:41:15.411+0000] {manager.py:471} INFO - Process each file at most once every 30 seconds
[2026-07-04T06:41:15.413+0000] {manager.py:472} INFO - Checking for new files in /opt/airflow/dags every 300 seconds
[2026-07-04T06:41:15.417+0000] {manager.py:737} INFO - Searching for files in /opt/airflow/dags
[2026-07-04T06:41:15.643+0000] {manager.py:740} INFO - There are 1 files in /opt/airflow/dags
[2026-07-04T06:41:17.052+0000] {manager.py:878} INFO - 
================================================================================
DAG File Processing Stats

File Path                                     PID  Runtime      # DAGs    # Errors  Last Runtime    Last Run
------------------------------------------  -----  ---------  --------  ----------  --------------  ----------
/opt/airflow/dags/pipeline_health_check.py    182  0.52s             0           0
================================================================================
[2026-07-04T06:41:47.226+0000] {manager.py:878} INFO - 
================================================================================
DAG File Processing Stats

File Path                                   PID    Runtime      # DAGs    # Errors  Last Runtime    Last Run
------------------------------------------  -----  ---------  --------  ----------  --------------  -------------------
/opt/airflow/dags/pipeline_health_check.py                           1           0  2.74s           2026-07-04T06:41:19
================================================================================
[2026-07-04T06:42:17.592+0000] {manager.py:878} INFO - 
================================================================================
DAG File Processing Stats

File Path                                   PID    Runtime      # DAGs    # Errors  Last Runtime    Last Run
------------------------------------------  -----  ---------  --------  ----------  --------------  -------------------
/opt/airflow/dags/pipeline_health_check.py                           1           0  0.54s           2026-07-04T06:41:49
================================================================================
[2026-07-04T06:42:47.637+0000] {manager.py:878} INFO - 
================================================================================
DAG File Processing Stats

File Path                                   PID    Runtime      # DAGs    # Errors  Last Runtime    Last Run
------------------------------------------  -----  ---------  --------  ----------  --------------  -------------------
/opt/airflow/dags/pipeline_health_check.py                           1           0  0.29s           2026-07-04T06:42:20
================================================================================
[2026-07-04T06:43:17.815+0000] {manager.py:878} INFO - 
================================================================================
DAG File Processing Stats

File Path                                   PID    Runtime      # DAGs    # Errors  Last Runtime    Last Run
------------------------------------------  -----  ---------  --------  ----------  --------------  -------------------
/opt/airflow/dags/pipeline_health_check.py                           1           0  0.26s           2026-07-04T06:42:50
================================================================================
[2026-07-04T06:43:48.268+0000] {manager.py:878} INFO - 
================================================================================
DAG File Processing Stats

File Path                                   PID    Runtime      # DAGs    # Errors  Last Runtime    Last Run
------------------------------------------  -----  ---------  --------  ----------  --------------  -------------------
/opt/airflow/dags/pipeline_health_check.py                           1           0  0.23s           2026-07-04T06:43:21
================================================================================
[2026-07-04T06:44:18.669+0000] {manager.py:878} INFO - 
================================================================================
DAG File Processing Stats

File Path                                   PID    Runtime      # DAGs    # Errors  Last Runtime    Last Run
------------------------------------------  -----  ---------  --------  ----------  --------------  -------------------
/opt/airflow/dags/pipeline_health_check.py                           1           0  0.26s           2026-07-04T06:43:51
================================================================================
[2026-07-04T06:44:49.095+0000] {manager.py:878} INFO - 
================================================================================
DAG File Processing Stats

File Path                                   PID    Runtime      # DAGs    # Errors  Last Runtime    Last Run
------------------------------------------  -----  ---------  --------  ----------  --------------  -------------------
/opt/airflow/dags/pipeline_health_check.py                           1           0  0.22s           2026-07-04T06:44:22
================================================================================
[2026-07-04T06:45:19.478+0000] {manager.py:878} INFO - 
================================================================================
DAG File Processing Stats

File Path                                   PID    Runtime      # DAGs    # Errors  Last Runtime    Last Run
------------------------------------------  -----  ---------  --------  ----------  --------------  -------------------
/opt/airflow/dags/pipeline_health_check.py                           1           0  0.22s           2026-07-04T06:44:52
================================================================================
[2026-07-04T06:45:49.858+0000] {manager.py:878} INFO - 
================================================================================
DAG File Processing Stats

File Path                                   PID    Runtime      # DAGs    # Errors  Last Runtime    Last Run
------------------------------------------  -----  ---------  --------  ----------  --------------  -------------------
/opt/airflow/dags/pipeline_health_check.py                           1           0  0.22s           2026-07-04T06:45:22
================================================================================
[2026-07-04T06:46:15.470+0000] {manager.py:737} INFO - Searching for files in /opt/airflow/dags
[2026-07-04T06:46:15.501+0000] {manager.py:740} INFO - There are 1 files in /opt/airflow/dags
[2026-07-04T06:46:20.364+0000] {manager.py:878} INFO - 
================================================================================
DAG File Processing Stats

File Path                                   PID    Runtime      # DAGs    # Errors  Last Runtime    Last Run
------------------------------------------  -----  ---------  --------  ----------  --------------  -------------------
/opt/airflow/dags/pipeline_health_check.py                           1           0  0.21s           2026-07-04T06:45:53
================================================================================
[2026-07-04T06:46:50.766+0000] {manager.py:878} INFO - 
================================================================================
DAG File Processing Stats

File Path                                   PID    Runtime      # DAGs    # Errors  Last Runtime    Last Run
------------------------------------------  -----  ---------  --------  ----------  --------------  -------------------
/opt/airflow/dags/pipeline_health_check.py                           1           0  0.21s           2026-07-04T06:46:23
================================================================================
[2026-07-04T06:47:20.988+0000] {manager.py:878} INFO - 
================================================================================
DAG File Processing Stats

File Path                                   PID    Runtime      # DAGs    # Errors  Last Runtime    Last Run
------------------------------------------  -----  ---------  --------  ----------  --------------  -------------------
/opt/airflow/dags/pipeline_health_check.py                           1           0  0.20s           2026-07-04T06:46:53
================================================================================
[2026-07-04T06:47:51.306+0000] {manager.py:878} INFO - 
================================================================================
DAG File Processing Stats

File Path                                   PID    Runtime      # DAGs    # Errors  Last Runtime    Last Run
------------------------------------------  -----  ---------  --------  ----------  --------------  -------------------
/opt/airflow/dags/pipeline_health_check.py                           1           0  0.20s           2026-07-04T06:47:24
================================================================================
[2026-07-04T06:48:21.531+0000] {manager.py:878} INFO - 
================================================================================
DAG File Processing Stats

File Path                                   PID    Runtime      # DAGs    # Errors  Last Runtime    Last Run
------------------------------------------  -----  ---------  --------  ----------  --------------  -------------------
/opt/airflow/dags/pipeline_health_check.py                           1           0  0.24s           2026-07-04T06:47:54
================================================================================
[2026-07-04T06:48:51.939+0000] {manager.py:878} INFO - 
================================================================================
DAG File Processing Stats

File Path                                   PID    Runtime      # DAGs    # Errors  Last Runtime    Last Run
------------------------------------------  -----  ---------  --------  ----------  --------------  -------------------
/opt/airflow/dags/pipeline_health_check.py                           1           0  0.34s           2026-07-04T06:48:25
================================================================================
[2026-07-04T06:49:22.452+0000] {manager.py:878} INFO - 
================================================================================
DAG File Processing Stats

File Path                                   PID    Runtime      # DAGs    # Errors  Last Runtime    Last Run
------------------------------------------  -----  ---------  --------  ----------  --------------  -------------------
/opt/airflow/dags/pipeline_health_check.py                           1           0  0.21s           2026-07-04T06:48:55
================================================================================
[2026-07-04T06:49:52.832+0000] {manager.py:878} INFO - 
================================================================================
DAG File Processing Stats

File Path                                   PID    Runtime      # DAGs    # Errors  Last Runtime    Last Run
------------------------------------------  -----  ---------  --------  ----------  --------------  -------------------
/opt/airflow/dags/pipeline_health_check.py                           1           0  0.32s           2026-07-04T06:49:25
================================================================================
[2026-07-04T06:50:23.324+0000] {manager.py:878} INFO - 
================================================================================
DAG File Processing Stats

File Path                                   PID    Runtime      # DAGs    # Errors  Last Runtime    Last Run
------------------------------------------  -----  ---------  --------  ----------  --------------  -------------------
/opt/airflow/dags/pipeline_health_check.py                           1           0  0.21s           2026-07-04T06:49:56
================================================================================
[2026-07-04T06:50:53.700+0000] {manager.py:878} INFO - 
================================================================================
DAG File Processing Stats

File Path                                   PID    Runtime      # DAGs    # Errors  Last Runtime    Last Run
------------------------------------------  -----  ---------  --------  ----------  --------------  -------------------
/opt/airflow/dags/pipeline_health_check.py                           1           0  0.22s           2026-07-04T06:50:26
================================================================================
[2026-07-04T06:51:16.036+0000] {manager.py:737} INFO - Searching for files in /opt/airflow/dags
[2026-07-04T06:51:16.062+0000] {manager.py:740} INFO - There are 1 files in /opt/airflow/dags
[2026-07-04T06:51:24.125+0000] {manager.py:878} INFO - 
================================================================================
DAG File Processing Stats

File Path                                   PID    Runtime      # DAGs    # Errors  Last Runtime    Last Run
------------------------------------------  -----  ---------  --------  ----------  --------------  -------------------
/opt/airflow/dags/pipeline_health_check.py                           1           0  0.22s           2026-07-04T06:50:57
================================================================================
[2026-07-04T06:51:54.447+0000] {manager.py:878} INFO - 
================================================================================
DAG File Processing Stats

File Path                                   PID    Runtime      # DAGs    # Errors  Last Runtime    Last Run
------------------------------------------  -----  ---------  --------  ----------  --------------  -------------------
/opt/airflow/dags/pipeline_health_check.py                           1           0  0.30s           2026-07-04T06:51:27
================================================================================
[2026-07-04T06:52:24.772+0000] {manager.py:878} INFO - 
================================================================================
DAG File Processing Stats

File Path                                   PID    Runtime      # DAGs    # Errors  Last Runtime    Last Run
------------------------------------------  -----  ---------  --------  ----------  --------------  -------------------
/opt/airflow/dags/pipeline_health_check.py                           1           0  0.38s           2026-07-04T06:51:57
================================================================================
[2026-07-04T06:52:55.170+0000] {manager.py:878} INFO - 
================================================================================
DAG File Processing Stats

File Path                                   PID    Runtime      # DAGs    # Errors  Last Runtime    Last Run
------------------------------------------  -----  ---------  --------  ----------  --------------  -------------------
/opt/airflow/dags/pipeline_health_check.py                           1           0  0.30s           2026-07-04T06:52:28
================================================================================
[2026-07-04T06:53:25.638+0000] {manager.py:878} INFO - 
================================================================================
DAG File Processing Stats

File Path                                   PID    Runtime      # DAGs    # Errors  Last Runtime    Last Run
------------------------------------------  -----  ---------  --------  ----------  --------------  -------------------
/opt/airflow/dags/pipeline_health_check.py                           1           0  0.19s           2026-07-04T06:52:58
================================================================================
[2026-07-04T06:53:56.005+0000] {manager.py:878} INFO - 
================================================================================
DAG File Processing Stats

File Path                                   PID    Runtime      # DAGs    # Errors  Last Runtime    Last Run
------------------------------------------  -----  ---------  --------  ----------  --------------  -------------------
/opt/airflow/dags/pipeline_health_check.py                           1           0  0.23s           2026-07-04T06:53:29
================================================================================
[2026-07-04T06:54:26.398+0000] {manager.py:878} INFO - 
================================================================================
DAG File Processing Stats

File Path                                   PID    Runtime      # DAGs    # Errors  Last Runtime    Last Run
------------------------------------------  -----  ---------  --------  ----------  --------------  -------------------
/opt/airflow/dags/pipeline_health_check.py                           1           0  0.20s           2026-07-04T06:53:59
================================================================================
[2026-07-04T06:54:56.757+0000] {manager.py:878} INFO - 
================================================================================
DAG File Processing Stats

File Path                                   PID    Runtime      # DAGs    # Errors  Last Runtime    Last Run
------------------------------------------  -----  ---------  --------  ----------  --------------  -------------------
/opt/airflow/dags/pipeline_health_check.py                           1           0  0.19s           2026-07-04T06:54:29
================================================================================
[2026-07-04T06:55:27.114+0000] {manager.py:878} INFO - 
================================================================================
DAG File Processing Stats

File Path                                   PID    Runtime      # DAGs    # Errors  Last Runtime    Last Run
------------------------------------------  -----  ---------  --------  ----------  --------------  -------------------
/opt/airflow/dags/pipeline_health_check.py                           1           0  0.21s           2026-07-04T06:55:00
================================================================================
[2026-07-04T06:55:57.559+0000] {manager.py:878} INFO - 
================================================================================
DAG File Processing Stats

File Path                                   PID    Runtime      # DAGs    # Errors  Last Runtime    Last Run
------------------------------------------  -----  ---------  --------  ----------  --------------  -------------------
/opt/airflow/dags/pipeline_health_check.py                           1           0  0.19s           2026-07-04T06:55:30
================================================================================
[2026-07-04T06:56:16.784+0000] {manager.py:737} INFO - Searching for files in /opt/airflow/dags
[2026-07-04T06:56:16.818+0000] {manager.py:740} INFO - There are 1 files in /opt/airflow/dags
[2026-07-04T06:56:27.909+0000] {manager.py:878} INFO - 
================================================================================
DAG File Processing Stats

File Path                                   PID    Runtime      # DAGs    # Errors  Last Runtime    Last Run
------------------------------------------  -----  ---------  --------  ----------  --------------  -------------------
/opt/airflow/dags/pipeline_health_check.py                           1           0  0.24s           2026-07-04T06:56:00
================================================================================
[2026-07-04T06:56:58.146+0000] {manager.py:878} INFO - 
================================================================================
DAG File Processing Stats

File Path                                   PID    Runtime      # DAGs    # Errors  Last Runtime    Last Run
------------------------------------------  -----  ---------  --------  ----------  --------------  -------------------
/opt/airflow/dags/pipeline_health_check.py                           1           0  0.19s           2026-07-04T06:56:31
================================================================================
[2026-07-04T06:57:28.446+0000] {manager.py:878} INFO - 
================================================================================
DAG File Processing Stats

File Path                                   PID    Runtime      # DAGs    # Errors  Last Runtime    Last Run
------------------------------------------  -----  ---------  --------  ----------  --------------  -------------------
/opt/airflow/dags/pipeline_health_check.py                           1           0  0.19s           2026-07-04T06:57:01
================================================================================
[2026-07-04T06:57:58.674+0000] {manager.py:878} INFO - 
================================================================================
DAG File Processing Stats

File Path                                   PID    Runtime      # DAGs    # Errors  Last Runtime    Last Run
------------------------------------------  -----  ---------  --------  ----------  --------------  -------------------
/opt/airflow/dags/pipeline_health_check.py                           1           0  0.19s           2026-07-04T06:57:31
================================================================================
[2026-07-04T06:58:28.984+0000] {manager.py:878} INFO - 
================================================================================
DAG File Processing Stats

File Path                                   PID    Runtime      # DAGs    # Errors  Last Runtime    Last Run
------------------------------------------  -----  ---------  --------  ----------  --------------  -------------------
/opt/airflow/dags/pipeline_health_check.py                           1           0  0.19s           2026-07-04T06:58:01
================================================================================
[2026-07-04T06:58:59.202+0000] {manager.py:878} INFO - 
================================================================================
DAG File Processing Stats

File Path                                   PID    Runtime      # DAGs    # Errors  Last Runtime    Last Run
------------------------------------------  -----  ---------  --------  ----------  --------------  -------------------
/opt/airflow/dags/pipeline_health_check.py                           1           0  0.20s           2026-07-04T06:58:32
================================================================================
[2026-07-04T06:59:29.527+0000] {manager.py:878} INFO - 
================================================================================
DAG File Processing Stats

File Path                                   PID    Runtime      # DAGs    # Errors  Last Runtime    Last Run
------------------------------------------  -----  ---------  --------  ----------  --------------  -------------------
/opt/airflow/dags/pipeline_health_check.py                           1           0  0.20s           2026-07-04T06:59:02
================================================================================
[2026-07-04T06:59:59.714+0000] {manager.py:878} INFO - 
================================================================================
DAG File Processing Stats

File Path                                   PID    Runtime      # DAGs    # Errors  Last Runtime    Last Run
------------------------------------------  -----  ---------  --------  ----------  --------------  -------------------
/opt/airflow/dags/pipeline_health_check.py                           1           0  0.21s           2026-07-04T06:59:32
================================================================================
[2026-07-04T07:00:30.093+0000] {manager.py:878} INFO - 
================================================================================
DAG File Processing Stats

File Path                                   PID    Runtime      # DAGs    # Errors  Last Runtime    Last Run
------------------------------------------  -----  ---------  --------  ----------  --------------  -------------------
/opt/airflow/dags/pipeline_health_check.py                           1           0  0.17s           2026-07-04T07:00:03
================================================================================
[2026-07-04T07:01:00.417+0000] {manager.py:878} INFO - 
================================================================================
DAG File Processing Stats

File Path                                   PID    Runtime      # DAGs    # Errors  Last Runtime    Last Run
------------------------------------------  -----  ---------  --------  ----------  --------------  -------------------
/opt/airflow/dags/pipeline_health_check.py                           1           0  0.22s           2026-07-04T07:00:33
================================================================================
[2026-07-04T07:01:17.576+0000] {manager.py:737} INFO - Searching for files in /opt/airflow/dags
[2026-07-04T07:01:17.603+0000] {manager.py:740} INFO - There are 1 files in /opt/airflow/dags
[2026-07-04T07:01:30.699+0000] {manager.py:878} INFO - 
================================================================================
DAG File Processing Stats

File Path                                   PID    Runtime      # DAGs    # Errors  Last Runtime    Last Run
------------------------------------------  -----  ---------  --------  ----------  --------------  -------------------
/opt/airflow/dags/pipeline_health_check.py                           1           0  0.23s           2026-07-04T07:01:03
================================================================================
[2026-07-04T07:02:00.994+0000] {manager.py:878} INFO - 
================================================================================
DAG File Processing Stats

File Path                                   PID    Runtime      # DAGs    # Errors  Last Runtime    Last Run
------------------------------------------  -----  ---------  --------  ----------  --------------  -------------------
/opt/airflow/dags/pipeline_health_check.py                           1           0  0.22s           2026-07-04T07:01:33
================================================================================
[2026-07-04T07:02:31.260+0000] {manager.py:878} INFO - 
================================================================================
DAG File Processing Stats

File Path                                   PID    Runtime      # DAGs    # Errors  Last Runtime    Last Run
------------------------------------------  -----  ---------  --------  ----------  --------------  -------------------
/opt/airflow/dags/pipeline_health_check.py                           1           0  0.19s           2026-07-04T07:02:04
================================================================================
[2026-07-04T07:03:01.582+0000] {manager.py:878} INFO - 
================================================================================
DAG File Processing Stats

File Path                                   PID    Runtime      # DAGs    # Errors  Last Runtime    Last Run
------------------------------------------  -----  ---------  --------  ----------  --------------  -------------------
/opt/airflow/dags/pipeline_health_check.py                           1           0  0.24s           2026-07-04T07:02:34
================================================================================
[2026-07-04T07:03:31.826+0000] {manager.py:878} INFO - 
================================================================================
DAG File Processing Stats

File Path                                   PID    Runtime      # DAGs    # Errors  Last Runtime    Last Run
------------------------------------------  -----  ---------  --------  ----------  --------------  -------------------
/opt/airflow/dags/pipeline_health_check.py                           1           0  0.19s           2026-07-04T07:03:04
================================================================================
[2026-07-04T07:04:02.107+0000] {manager.py:878} INFO - 
================================================================================
DAG File Processing Stats

File Path                                   PID    Runtime      # DAGs    # Errors  Last Runtime    Last Run
------------------------------------------  -----  ---------  --------  ----------  --------------  -------------------
/opt/airflow/dags/pipeline_health_check.py                           1           0  0.17s           2026-07-04T07:03:35
================================================================================
[2026-07-04T07:04:32.339+0000] {manager.py:878} INFO - 
================================================================================
DAG File Processing Stats

File Path                                   PID    Runtime      # DAGs    # Errors  Last Runtime    Last Run
------------------------------------------  -----  ---------  --------  ----------  --------------  -------------------
/opt/airflow/dags/pipeline_health_check.py                           1           0  0.18s           2026-07-04T07:04:05
================================================================================
[2026-07-04T07:05:02.629+0000] {manager.py:878} INFO - 
================================================================================
DAG File Processing Stats

File Path                                   PID    Runtime      # DAGs    # Errors  Last Runtime    Last Run
------------------------------------------  -----  ---------  --------  ----------  --------------  -------------------
/opt/airflow/dags/pipeline_health_check.py                           1           0  0.23s           2026-07-04T07:04:35
================================================================================
[2026-07-04T07:05:32.938+0000] {manager.py:878} INFO - 
================================================================================
DAG File Processing Stats

File Path                                   PID    Runtime      # DAGs    # Errors  Last Runtime    Last Run
------------------------------------------  -----  ---------  --------  ----------  --------------  -------------------
/opt/airflow/dags/pipeline_health_check.py                           1           0  0.18s           2026-07-04T07:05:05
================================================================================
[2026-07-04T07:06:03.151+0000] {manager.py:878} INFO - 
================================================================================
DAG File Processing Stats

File Path                                   PID    Runtime      # DAGs    # Errors  Last Runtime    Last Run
------------------------------------------  -----  ---------  --------  ----------  --------------  -------------------
/opt/airflow/dags/pipeline_health_check.py                           1           0  0.20s           2026-07-04T07:05:36
================================================================================
[2026-07-04T07:06:18.427+0000] {manager.py:737} INFO - Searching for files in /opt/airflow/dags
[2026-07-04T07:06:18.462+0000] {manager.py:740} INFO - There are 1 files in /opt/airflow/dags
[2026-07-04T07:06:33.570+0000] {manager.py:878} INFO - 
================================================================================
DAG File Processing Stats

File Path                                   PID    Runtime      # DAGs    # Errors  Last Runtime    Last Run
------------------------------------------  -----  ---------  --------  ----------  --------------  -------------------
/opt/airflow/dags/pipeline_health_check.py                           1           0  0.21s           2026-07-04T07:06:06
================================================================================
[2026-07-04T07:07:03.771+0000] {manager.py:878} INFO - 
================================================================================
DAG File Processing Stats

File Path                                   PID    Runtime      # DAGs    # Errors  Last Runtime    Last Run
------------------------------------------  -----  ---------  --------  ----------  --------------  -------------------
/opt/airflow/dags/pipeline_health_check.py                           1           0  0.41s           2026-07-04T07:06:37
================================================================================
[2026-07-04T07:07:34.373+0000] {manager.py:878} INFO - 
================================================================================
DAG File Processing Stats

File Path                                   PID    Runtime      # DAGs    # Errors  Last Runtime    Last Run
------------------------------------------  -----  ---------  --------  ----------  --------------  -------------------
/opt/airflow/dags/pipeline_health_check.py                           1           0  0.19s           2026-07-04T07:07:07
================================================================================
[2026-07-04T07:08:04.736+0000] {manager.py:878} INFO - 
================================================================================
DAG File Processing Stats

File Path                                   PID    Runtime      # DAGs    # Errors  Last Runtime    Last Run
------------------------------------------  -----  ---------  --------  ----------  --------------  -------------------
/opt/airflow/dags/pipeline_health_check.py                           1           0  0.19s           2026-07-04T07:07:37
================================================================================
[2026-07-04T07:08:35.093+0000] {manager.py:878} INFO - 
================================================================================
DAG File Processing Stats

File Path                                   PID    Runtime      # DAGs    # Errors  Last Runtime    Last Run
------------------------------------------  -----  ---------  --------  ----------  --------------  -------------------
/opt/airflow/dags/pipeline_health_check.py                           1           0  0.18s           2026-07-04T07:08:08
================================================================================
[2026-07-04T07:09:05.446+0000] {manager.py:878} INFO - 
================================================================================
DAG File Processing Stats

File Path                                   PID    Runtime      # DAGs    # Errors  Last Runtime    Last Run
------------------------------------------  -----  ---------  --------  ----------  --------------  -------------------
/opt/airflow/dags/pipeline_health_check.py                           1           0  0.25s           2026-07-04T07:08:38
================================================================================
[2026-07-04T07:09:35.916+0000] {manager.py:878} INFO - 
================================================================================
DAG File Processing Stats

File Path                                   PID    Runtime      # DAGs    # Errors  Last Runtime    Last Run
------------------------------------------  -----  ---------  --------  ----------  --------------  -------------------
/opt/airflow/dags/pipeline_health_check.py                           1           0  0.22s           2026-07-04T07:09:08
================================================================================
[2026-07-04T07:10:06.268+0000] {manager.py:878} INFO - 
================================================================================
DAG File Processing Stats

File Path                                   PID    Runtime      # DAGs    # Errors  Last Runtime    Last Run
------------------------------------------  -----  ---------  --------  ----------  --------------  -------------------
/opt/airflow/dags/pipeline_health_check.py                           1           0  0.23s           2026-07-04T07:09:39
================================================================================
[2026-07-04T07:10:21.909+0000] {manager.py:452} INFO - Exiting gracefully upon receiving signal 15
[2026-07-04T07:11:15.474+0000] {manager.py:470} INFO - Processing files using up to 2 processes at a time 
[2026-07-04T07:11:15.476+0000] {manager.py:471} INFO - Process each file at most once every 30 seconds
[2026-07-04T07:11:15.478+0000] {manager.py:472} INFO - Checking for new files in /opt/airflow/dags every 300 seconds
[2026-07-04T07:11:15.480+0000] {manager.py:737} INFO - Searching for files in /opt/airflow/dags
[2026-07-04T07:11:15.508+0000] {manager.py:740} INFO - There are 1 files in /opt/airflow/dags
[2026-07-04T07:11:16.056+0000] {manager.py:878} INFO - 
================================================================================
DAG File Processing Stats

File Path                                     PID  Runtime      # DAGs    # Errors  Last Runtime    Last Run
------------------------------------------  -----  ---------  --------  ----------  --------------  ----------
/opt/airflow/dags/pipeline_health_check.py    194  0.19s             0           0
================================================================================
[2026-07-04T07:11:46.242+0000] {manager.py:878} INFO - 
================================================================================
DAG File Processing Stats

File Path                                   PID    Runtime      # DAGs    # Errors  Last Runtime    Last Run
------------------------------------------  -----  ---------  --------  ----------  --------------  -------------------
/opt/airflow/dags/pipeline_health_check.py                           1           0  0.97s           2026-07-04T07:11:16
================================================================================
[2026-07-04T07:12:16.414+0000] {manager.py:878} INFO - 
================================================================================
DAG File Processing Stats

File Path                                   PID    Runtime      # DAGs    # Errors  Last Runtime    Last Run
------------------------------------------  -----  ---------  --------  ----------  --------------  -------------------
/opt/airflow/dags/pipeline_health_check.py                           1           0  0.50s           2026-07-04T07:11:47
================================================================================
[2026-07-04T07:12:46.840+0000] {manager.py:878} INFO - 
================================================================================
DAG File Processing Stats

File Path                                   PID    Runtime      # DAGs    # Errors  Last Runtime    Last Run
------------------------------------------  -----  ---------  --------  ----------  --------------  -------------------
/opt/airflow/dags/pipeline_health_check.py                           1           0  0.39s           2026-07-04T07:12:18
================================================================================
[2026-07-04T07:13:17.406+0000] {manager.py:878} INFO - 
================================================================================
DAG File Processing Stats

File Path                                   PID    Runtime      # DAGs    # Errors  Last Runtime    Last Run
------------------------------------------  -----  ---------  --------  ----------  --------------  -------------------
/opt/airflow/dags/pipeline_health_check.py                           1           0  0.23s           2026-07-04T07:12:48
================================================================================
[2026-07-04T07:13:47.845+0000] {manager.py:878} INFO - 
================================================================================
DAG File Processing Stats

File Path                                   PID    Runtime      # DAGs    # Errors  Last Runtime    Last Run
------------------------------------------  -----  ---------  --------  ----------  --------------  -------------------
/opt/airflow/dags/pipeline_health_check.py                           1           0  0.25s           2026-07-04T07:13:18
================================================================================
[2026-07-04T07:14:17.929+0000] {manager.py:878} INFO - 
================================================================================
DAG File Processing Stats

File Path                                   PID    Runtime      # DAGs    # Errors  Last Runtime    Last Run
------------------------------------------  -----  ---------  --------  ----------  --------------  -------------------
/opt/airflow/dags/pipeline_health_check.py                           1           0  0.66s           2026-07-04T07:13:49
================================================================================
[2026-07-04T07:14:48.130+0000] {manager.py:878} INFO - 
================================================================================
DAG File Processing Stats

File Path                                   PID    Runtime      # DAGs    # Errors  Last Runtime    Last Run
------------------------------------------  -----  ---------  --------  ----------  --------------  -------------------
/opt/airflow/dags/pipeline_health_check.py                           1           0  0.26s           2026-07-04T07:14:20
================================================================================
[2026-07-04T07:15:18.558+0000] {manager.py:878} INFO - 
================================================================================
DAG File Processing Stats

File Path                                   PID    Runtime      # DAGs    # Errors  Last Runtime    Last Run
------------------------------------------  -----  ---------  --------  ----------  --------------  -------------------
/opt/airflow/dags/pipeline_health_check.py                           1           0  0.23s           2026-07-04T07:14:50
================================================================================
[2026-07-04T07:15:48.955+0000] {manager.py:878} INFO - 
================================================================================
DAG File Processing Stats

File Path                                   PID    Runtime      # DAGs    # Errors  Last Runtime    Last Run
------------------------------------------  -----  ---------  --------  ----------  --------------  -------------------
/opt/airflow/dags/pipeline_health_check.py                           1           0  0.24s           2026-07-04T07:15:21
================================================================================
[2026-07-04T07:16:15.771+0000] {manager.py:737} INFO - Searching for files in /opt/airflow/dags
[2026-07-04T07:16:15.812+0000] {manager.py:740} INFO - There are 2 files in /opt/airflow/dags
[2026-07-04T07:16:19.164+0000] {manager.py:878} INFO - 
================================================================================
DAG File Processing Stats

File Path                                   PID    Runtime      # DAGs    # Errors  Last Runtime    Last Run
------------------------------------------  -----  ---------  --------  ----------  --------------  -------------------
/opt/airflow/dags/pipeline_health_check.py                           1           0  0.44s           2026-07-04T07:15:51
/opt/airflow/dags/dag_ingest_trade.py                                1           0  0.29s           2026-07-04T07:16:16
================================================================================
[2026-07-04T07:16:49.295+0000] {manager.py:878} INFO - 
================================================================================
DAG File Processing Stats

File Path                                   PID    Runtime      # DAGs    # Errors  Last Runtime    Last Run
------------------------------------------  -----  ---------  --------  ----------  --------------  -------------------
/opt/airflow/dags/pipeline_health_check.py                           1           0  0.20s           2026-07-04T07:16:22
/opt/airflow/dags/dag_ingest_trade.py                                1           0  0.18s           2026-07-04T07:16:46
================================================================================
[2026-07-04T07:17:19.706+0000] {manager.py:878} INFO - 
================================================================================
DAG File Processing Stats

File Path                                   PID    Runtime      # DAGs    # Errors  Last Runtime    Last Run
------------------------------------------  -----  ---------  --------  ----------  --------------  -------------------
/opt/airflow/dags/dag_ingest_trade.py                                1           0  0.20s           2026-07-04T07:17:16
/opt/airflow/dags/pipeline_health_check.py                           1           0  0.18s           2026-07-04T07:16:52
================================================================================
[2026-07-04T07:17:50.130+0000] {manager.py:878} INFO - 
================================================================================
DAG File Processing Stats

File Path                                   PID    Runtime      # DAGs    # Errors  Last Runtime    Last Run
------------------------------------------  -----  ---------  --------  ----------  --------------  -------------------
/opt/airflow/dags/pipeline_health_check.py                           1           0  0.22s           2026-07-04T07:17:22
/opt/airflow/dags/dag_ingest_trade.py                                1           0  0.19s           2026-07-04T07:17:47
================================================================================
[2026-07-04T07:18:20.554+0000] {manager.py:878} INFO - 
================================================================================
DAG File Processing Stats

File Path                                   PID    Runtime      # DAGs    # Errors  Last Runtime    Last Run
------------------------------------------  -----  ---------  --------  ----------  --------------  -------------------
/opt/airflow/dags/pipeline_health_check.py                           1           0  0.22s           2026-07-04T07:17:53
/opt/airflow/dags/dag_ingest_trade.py                                1           0  0.21s           2026-07-04T07:18:17
================================================================================
[2026-07-04T07:18:50.972+0000] {manager.py:878} INFO - 
================================================================================
DAG File Processing Stats

File Path                                   PID    Runtime      # DAGs    # Errors  Last Runtime    Last Run
------------------------------------------  -----  ---------  --------  ----------  --------------  -------------------
/opt/airflow/dags/pipeline_health_check.py                           1           0  0.21s           2026-07-04T07:18:23
/opt/airflow/dags/dag_ingest_trade.py                                1           0  0.20s           2026-07-04T07:18:48
================================================================================
[2026-07-04T07:19:21.394+0000] {manager.py:878} INFO - 
================================================================================
DAG File Processing Stats

File Path                                   PID    Runtime      # DAGs    # Errors  Last Runtime    Last Run
------------------------------------------  -----  ---------  --------  ----------  --------------  -------------------
/opt/airflow/dags/pipeline_health_check.py                           1           0  0.22s           2026-07-04T07:18:54
/opt/airflow/dags/dag_ingest_trade.py                                1           0  0.19s           2026-07-04T07:19:18
================================================================================
[2026-07-04T07:19:51.794+0000] {manager.py:878} INFO - 
================================================================================
DAG File Processing Stats

File Path                                   PID    Runtime      # DAGs    # Errors  Last Runtime    Last Run
------------------------------------------  -----  ---------  --------  ----------  --------------  -------------------
/opt/airflow/dags/pipeline_health_check.py                           1           0  0.20s           2026-07-04T07:19:24
/opt/airflow/dags/dag_ingest_trade.py                                1           0  0.18s           2026-07-04T07:19:48
================================================================================
[2026-07-04T07:20:22.202+0000] {manager.py:878} INFO - 
================================================================================
DAG File Processing Stats

File Path                                   PID    Runtime      # DAGs    # Errors  Last Runtime    Last Run
------------------------------------------  -----  ---------  --------  ----------  --------------  -------------------
/opt/airflow/dags/dag_ingest_trade.py                                1           0  0.21s           2026-07-04T07:20:19
/opt/airflow/dags/pipeline_health_check.py                           1           0  0.20s           2026-07-04T07:19:55
================================================================================
[2026-07-04T07:20:52.611+0000] {manager.py:878} INFO - 
================================================================================
DAG File Processing Stats

File Path                                   PID    Runtime      # DAGs    # Errors  Last Runtime    Last Run
------------------------------------------  -----  ---------  --------  ----------  --------------  -------------------
/opt/airflow/dags/pipeline_health_check.py                           1           0  0.21s           2026-07-04T07:20:25
/opt/airflow/dags/dag_ingest_trade.py                                1           0  0.18s           2026-07-04T07:20:49
================================================================================
[2026-07-04T07:21:15.950+0000] {manager.py:737} INFO - Searching for files in /opt/airflow/dags
[2026-07-04T07:21:15.992+0000] {manager.py:740} INFO - There are 2 files in /opt/airflow/dags
[2026-07-04T07:21:23.091+0000] {manager.py:878} INFO - 
================================================================================
DAG File Processing Stats

File Path                                   PID    Runtime      # DAGs    # Errors  Last Runtime    Last Run
------------------------------------------  -----  ---------  --------  ----------  --------------  -------------------
/opt/airflow/dags/pipeline_health_check.py                           1           0  0.23s           2026-07-04T07:20:55
/opt/airflow/dags/dag_ingest_trade.py                                1           0  0.21s           2026-07-04T07:21:20
================================================================================
[2026-07-04T07:21:53.525+0000] {manager.py:878} INFO - 
================================================================================
DAG File Processing Stats

File Path                                   PID    Runtime      # DAGs    # Errors  Last Runtime    Last Run
------------------------------------------  -----  ---------  --------  ----------  --------------  -------------------
/opt/airflow/dags/pipeline_health_check.py                           1           0  0.21s           2026-07-04T07:21:26
/opt/airflow/dags/dag_ingest_trade.py                                1           0  0.19s           2026-07-04T07:21:50
================================================================================
[2026-07-04T07:22:23.927+0000] {manager.py:878} INFO - 
================================================================================
DAG File Processing Stats

File Path                                   PID    Runtime      # DAGs    # Errors  Last Runtime    Last Run
------------------------------------------  -----  ---------  --------  ----------  --------------  -------------------
/opt/airflow/dags/pipeline_health_check.py                           1           0  0.19s           2026-07-04T07:21:56
/opt/airflow/dags/dag_ingest_trade.py                                1           0  0.17s           2026-07-04T07:22:21
================================================================================
[2026-07-04T07:22:54.339+0000] {manager.py:878} INFO - 
================================================================================
DAG File Processing Stats

File Path                                   PID    Runtime      # DAGs    # Errors  Last Runtime    Last Run
------------------------------------------  -----  ---------  --------  ----------  --------------  -------------------
/opt/airflow/dags/pipeline_health_check.py                           1           0  0.21s           2026-07-04T07:22:27
/opt/airflow/dags/dag_ingest_trade.py                                1           0  0.18s           2026-07-04T07:22:51
================================================================================
[2026-07-04T07:23:24.719+0000] {manager.py:878} INFO - 
================================================================================
DAG File Processing Stats

File Path                                   PID    Runtime      # DAGs    # Errors  Last Runtime    Last Run
------------------------------------------  -----  ---------  --------  ----------  --------------  -------------------
/opt/airflow/dags/pipeline_health_check.py                           1           0  0.19s           2026-07-04T07:22:57
/opt/airflow/dags/dag_ingest_trade.py                                1           0  0.17s           2026-07-04T07:23:21
================================================================================
[2026-07-04T07:23:55.106+0000] {manager.py:878} INFO - 
================================================================================
DAG File Processing Stats

File Path                                   PID    Runtime      # DAGs    # Errors  Last Runtime    Last Run
------------------------------------------  -----  ---------  --------  ----------  --------------  -------------------
/opt/airflow/dags/dag_ingest_trade.py                                1           0  0.18s           2026-07-04T07:23:52
/opt/airflow/dags/pipeline_health_check.py                           1           0  0.17s           2026-07-04T07:23:27
================================================================================
[2026-07-04T07:24:25.515+0000] {manager.py:878} INFO - 
================================================================================
DAG File Processing Stats

File Path                                   PID    Runtime      # DAGs    # Errors  Last Runtime    Last Run
------------------------------------------  -----  ---------  --------  ----------  --------------  -------------------
/opt/airflow/dags/pipeline_health_check.py                           1           0  0.20s           2026-07-04T07:23:58
/opt/airflow/dags/dag_ingest_trade.py                                1           0  0.18s           2026-07-04T07:24:22
================================================================================
[2026-07-04T07:24:55.907+0000] {manager.py:878} INFO - 
================================================================================
DAG File Processing Stats

File Path                                   PID    Runtime      # DAGs    # Errors  Last Runtime    Last Run
------------------------------------------  -----  ---------  --------  ----------  --------------  -------------------
/opt/airflow/dags/pipeline_health_check.py                           1           0  0.18s           2026-07-04T07:24:28
/opt/airflow/dags/dag_ingest_trade.py                                1           0  0.18s           2026-07-04T07:24:53
================================================================================
[2026-07-04T07:25:26.314+0000] {manager.py:878} INFO - 
================================================================================
DAG File Processing Stats

File Path                                   PID    Runtime      # DAGs    # Errors  Last Runtime    Last Run
------------------------------------------  -----  ---------  --------  ----------  --------------  -------------------
/opt/airflow/dags/pipeline_health_check.py                           1           0  0.20s           2026-07-04T07:24:59
/opt/airflow/dags/dag_ingest_trade.py                                1           0  0.20s           2026-07-04T07:25:23
================================================================================
[2026-07-04T07:25:56.708+0000] {manager.py:878} INFO - 
================================================================================
DAG File Processing Stats

File Path                                   PID    Runtime      # DAGs    # Errors  Last Runtime    Last Run
------------------------------------------  -----  ---------  --------  ----------  --------------  -------------------
/opt/airflow/dags/dag_ingest_trade.py                                1           0  0.19s           2026-07-04T07:25:53
/opt/airflow/dags/pipeline_health_check.py                           1           0  0.19s           2026-07-04T07:25:29
================================================================================
[2026-07-04T07:26:16.009+0000] {manager.py:737} INFO - Searching for files in /opt/airflow/dags
[2026-07-04T07:26:16.063+0000] {manager.py:740} INFO - There are 2 files in /opt/airflow/dags
[2026-07-04T07:26:27.179+0000] {manager.py:878} INFO - 
================================================================================
DAG File Processing Stats

File Path                                   PID    Runtime      # DAGs    # Errors  Last Runtime    Last Run
------------------------------------------  -----  ---------  --------  ----------  --------------  -------------------
/opt/airflow/dags/pipeline_health_check.py                           1           0  0.22s           2026-07-04T07:25:59
/opt/airflow/dags/dag_ingest_trade.py                                1           0  0.20s           2026-07-04T07:26:24
================================================================================
[2026-07-04T07:26:57.591+0000] {manager.py:878} INFO - 
================================================================================
DAG File Processing Stats

File Path                                   PID    Runtime      # DAGs    # Errors  Last Runtime    Last Run
------------------------------------------  -----  ---------  --------  ----------  --------------  -------------------
/opt/airflow/dags/pipeline_health_check.py                           1           0  0.19s           2026-07-04T07:26:30
/opt/airflow/dags/dag_ingest_trade.py                                1           0  0.18s           2026-07-04T07:26:54
================================================================================
[2026-07-04T07:27:27.981+0000] {manager.py:878} INFO - 
================================================================================
DAG File Processing Stats

File Path                                   PID    Runtime      # DAGs    # Errors  Last Runtime    Last Run
------------------------------------------  -----  ---------  --------  ----------  --------------  -------------------
/opt/airflow/dags/pipeline_health_check.py                           1           0  0.19s           2026-07-04T07:27:00
/opt/airflow/dags/dag_ingest_trade.py                                1           0  0.18s           2026-07-04T07:27:25
================================================================================
[2026-07-04T07:27:58.374+0000] {manager.py:878} INFO - 
================================================================================
DAG File Processing Stats

File Path                                   PID    Runtime      # DAGs    # Errors  Last Runtime    Last Run
------------------------------------------  -----  ---------  --------  ----------  --------------  -------------------
/opt/airflow/dags/dag_ingest_trade.py                                1           0  0.22s           2026-07-04T07:27:55
/opt/airflow/dags/pipeline_health_check.py                           1           0  0.18s           2026-07-04T07:27:31
================================================================================
[2026-07-04T07:28:28.783+0000] {manager.py:878} INFO - 
================================================================================
DAG File Processing Stats

File Path                                   PID    Runtime      # DAGs    # Errors  Last Runtime    Last Run
------------------------------------------  -----  ---------  --------  ----------  --------------  -------------------
/opt/airflow/dags/dag_ingest_trade.py                                1           0  0.44s           2026-07-04T07:28:26
/opt/airflow/dags/pipeline_health_check.py                           1           0  0.20s           2026-07-04T07:28:01
================================================================================
[2026-07-04T07:28:59.185+0000] {manager.py:878} INFO - 
================================================================================
DAG File Processing Stats

File Path                                   PID    Runtime      # DAGs    # Errors  Last Runtime    Last Run
------------------------------------------  -----  ---------  --------  ----------  --------------  -------------------
/opt/airflow/dags/pipeline_health_check.py                           1           0  0.19s           2026-07-04T07:28:32
/opt/airflow/dags/dag_ingest_trade.py                                1           0  0.18s           2026-07-04T07:28:56
================================================================================
[2026-07-04T07:29:29.611+0000] {manager.py:878} INFO - 
================================================================================
DAG File Processing Stats

File Path                                   PID    Runtime      # DAGs    # Errors  Last Runtime    Last Run
------------------------------------------  -----  ---------  --------  ----------  --------------  -------------------
/opt/airflow/dags/pipeline_health_check.py                           1           0  0.22s           2026-07-04T07:29:02
/opt/airflow/dags/dag_ingest_trade.py                                1           0  0.18s           2026-07-04T07:29:26
================================================================================
[2026-07-04T07:30:00.014+0000] {manager.py:878} INFO - 
================================================================================
DAG File Processing Stats

File Path                                   PID    Runtime      # DAGs    # Errors  Last Runtime    Last Run
------------------------------------------  -----  ---------  --------  ----------  --------------  -------------------
/opt/airflow/dags/pipeline_health_check.py                           1           0  0.21s           2026-07-04T07:29:32
/opt/airflow/dags/dag_ingest_trade.py                                1           0  0.18s           2026-07-04T07:29:57
================================================================================
[2026-07-04T07:30:30.450+0000] {manager.py:878} INFO - 
================================================================================
DAG File Processing Stats

File Path                                   PID    Runtime      # DAGs    # Errors  Last Runtime    Last Run
------------------------------------------  -----  ---------  --------  ----------  --------------  -------------------
/opt/airflow/dags/dag_ingest_trade.py                                1           0  0.23s           2026-07-04T07:30:27
/opt/airflow/dags/pipeline_health_check.py                           1           0  0.21s           2026-07-04T07:30:03
================================================================================
